/*C3*/SET SCHEMA PUBLIC
\u000a    alter table Pergunta_Resposta \u000a        drop constraint UK_l6iyixth25qk9sg8mw4d47i24
\u000a    alter table Pergunta_Resposta \u000a        add constraint UK_l6iyixth25qk9sg8mw4d47i24 unique (respostas_cod)
INSERT INTO RESPOSTA VALUES(6,'ertrt')
COMMIT
INSERT INTO RESPOSTA VALUES(7,'werer')
COMMIT
INSERT INTO RESPOSTA VALUES(8,'')
COMMIT
INSERT INTO RESPOSTA VALUES(9,'')
COMMIT
INSERT INTO RESPOSTA VALUES(10,'')
COMMIT
INSERT INTO PERGUNTA VALUES(2,1234,'dfdf','dfdf','','dfdf',6,'rtrt')
INSERT INTO PERGUNTA_RESPOSTA VALUES(2,6)
INSERT INTO PERGUNTA_RESPOSTA VALUES(2,7)
INSERT INTO PERGUNTA_RESPOSTA VALUES(2,8)
INSERT INTO PERGUNTA_RESPOSTA VALUES(2,9)
INSERT INTO PERGUNTA_RESPOSTA VALUES(2,10)
COMMIT
